<?xml version="1.0" encoding="UTF-8"?>
<testsuite xmlns:xsi="http://www.w3.org/2001/XMLSchema-instance" xsi:noNamespaceSchemaLocation="https://maven.apache.org/surefire/maven-surefire-plugin/xsd/surefire-test-report.xsd" name="ygraph.ai.smartfox.rl.test.java.yraph.ai.smartfox.rl.test.RLWorldTest" time="0.025" tests="8" errors="0" skipped="0" failures="1">
  <properties>
[...]
</properties>
  <testcase name="testPerformActionUp" classname="ygraph.ai.smartfox.rl.test.java.yraph.ai.smartfox.rl.test.RLWorldTest" time="0.005"/>
  <testcase name="testPerformActionRight" classname="ygraph.ai.smartfox.rl.test.java.yraph.ai.smartfox.rl.test.RLWorldTest" time="0"/>
  <testcase name="testPerformActionDown" classname="ygraph.ai.smartfox.rl.test.java.yraph.ai.smartfox.rl.test.RLWorldTest" time="0"/>
  <testcase name="testPerformActionLeft" classname="ygraph.ai.smartfox.rl.test.java.yraph.ai.smartfox.rl.test.RLWorldTest" time="0"/>
  <testcase name="testIsPuddle" classname="ygraph.ai.smartfox.rl.test.java.yraph.ai.smartfox.rl.test.RLWorldTest" time="0.002">
    <failure message="State 22 should not be a puddle" type="java.lang.AssertionError">java.lang.AssertionError: State 22 should not be a puddle
	at ygraph.ai.smartfox.rl.test.java.yraph.ai.smartfox.rl.test.RLWorldTest.testIsPuddle(RLWorldTest.java:59)
</failure>
  </testcase>
  <testcase name="testIsTerminalState" classname="ygraph.ai.smartfox.rl.test.java.yraph.ai.smartfox.rl.test.RLWorldTest" time="0"/>
  <testcase name="testInitialState" classname="ygraph.ai.smartfox.rl.test.java.yraph.ai.smartfox.rl.test.RLWorldTest" time="0.001"/>
  <testcase name="testGetReward" classname="ygraph.ai.smartfox.rl.test.java.yraph.ai.smartfox.rl.test.RLWorldTest" time="0"/>
</testsuite>