-------------------------------------------------------------------------------
Test set: ygraph.ai.smartfox.rl.test.java.yraph.ai.smartfox.rl.test.RLWorldTest
-------------------------------------------------------------------------------
Tests run: 8, Failures: 2, Errors: 0, Skipped: 0, Time elapsed: 0.023 s <<< FAILURE! - in ygraph.ai.smartfox.rl.test.java.yraph.ai.smartfox.rl.test.RLWorldTest
testPerformActionUp(ygraph.ai.smartfox.rl.test.java.yraph.ai.smartfox.rl.test.RLWorldTest)  Time elapsed: 0.003 s  <<< FAILURE!
java.lang.AssertionError: State should decrement row by 1 expected:<-15> but was:<5>
	at ygraph.ai.smartfox.rl.test.java.yraph.ai.smartfox.rl.test.RLWorldTest.testPerformActionUp(RLWorldTest.java:26)

testIsPuddle(ygraph.ai.smartfox.rl.test.java.yraph.ai.smartfox.rl.test.RLWorldTest)  Time elapsed: 0 s  <<< FAILURE!
java.lang.AssertionError: State 22 should not be a puddle
	at ygraph.ai.smartfox.rl.test.java.yraph.ai.smartfox.rl.test.RLWorldTest.testIsPuddle(RLWorldTest.java:59)

