-------------------------------------------------------------------------------
Test set: ygraph.ai.smartfox.rl.test.java.yraph.ai.smartfox.rl.test.RLWorldTest
-------------------------------------------------------------------------------
Tests run: 8, Failures: 1, Errors: 0, Skipped: 0, Time elapsed: 0.025 s <<< FAILURE! - in ygraph.ai.smartfox.rl.test.java.yraph.ai.smartfox.rl.test.RLWorldTest
testIsPuddle(ygraph.ai.smartfox.rl.test.java.yraph.ai.smartfox.rl.test.RLWorldTest)  Time elapsed: 0.002 s  <<< FAILURE!
java.lang.AssertionError: State 22 should not be a puddle
	at ygraph.ai.smartfox.rl.test.java.yraph.ai.smartfox.rl.test.RLWorldTest.testIsPuddle(RLWorldTest.java:59)

